<?xml version="1.0" encoding="UTF-8"?>
<!-- Generated by org.testng.reporters.JUnitReportReporter -->
<testsuite hostname="DESKTOP-7R54CV9" failures="0" tests="1" name="testClasses.VerifyUserCanGetLowestPriceProduct" time="13.446" errors="0" timestamp="2022-10-20T00:11:06 IST" skipped="0">
  <testcase classname="testClasses.VerifyUserCanGetLowestPriceProduct" name="VerifyUserGetLowestPriceProduct" time="13.446"/>
  <system-out/>
</testsuite> <!-- testClasses.VerifyUserCanGetLowestPriceProduct -->
