<?xml version="1.0" encoding="UTF-8"?>
<!-- Generated by org.testng.reporters.JUnitReportReporter -->
<testsuite hostname="DESKTOP-7R54CV9" failures="0" tests="1" name="testClasses.VerifyUserCanLogin" time="7.381" errors="0" timestamp="2022-10-20T00:11:07 IST" skipped="0">
  <testcase classname="testClasses.VerifyUserCanLogin" name="VerifyUserLogin" time="7.381"/>
  <system-out/>
</testsuite> <!-- testClasses.VerifyUserCanLogin -->
